Build started 25.06.2013 14:25:19.
     1>Project "c:\Users\tosh\documents\visual studio 2012\Projects\Bellek\Bellek.vcxproj" on node 2 (Build target(s)).
     1>InitializeBuildStatus:
         Creating "Release\Bellek.unsuccessfulbuild" because "AlwaysCreate" was specified.
       ClCompile:
         All outputs are up-to-date.
         C:\Program Files (x86)\Microsoft Visual Studio 11.0\VC\bin\CL.exe /c /Zi /nologo /W3 /WX- /O2 /Oi /Oy- /GL /D "WIN32" /D NDEBUG /D "_LIB" /D _MBCS /Gm- /EHsc /MD /GS /Gy /fp:precise /Zc:wchar_t /Zc:forScope /Yc"stdafx.h" /Fp"Release\Bellek.pch" /Fo"Release\\" /Fd"Release\vc110.pdb" /Gd /TP /analyze- /errorReport:prompt stdafx.cpp
         stdafx.cpp
         C:\Program Files (x86)\Microsoft Visual Studio 11.0\VC\bin\CL.exe /c /Zi /nologo /W3 /WX- /O2 /Oi /Oy- /GL /D "WIN32" /D NDEBUG /D "_LIB" /D _MBCS /Gm- /EHsc /MD /GS /Gy /fp:precise /Zc:wchar_t /Zc:forScope /Yu"stdafx.h" /Fp"Release\Bellek.pch" /Fo"Release\\" /Fd"Release\vc110.pdb" /Gd /TP /analyze- /errorReport:prompt ..\Headerlar\bellek.cpp
         bellek.cpp
       Lib:
         C:\Program Files (x86)\Microsoft Visual Studio 11.0\VC\bin\Lib.exe /OUT:"c:\users\tosh\documents\visual studio 2012\Projects\Bellek\Release\Bellek.lib" /NOLOGO /LTCG Release\bellek.obj
         Release\stdafx.obj
         Bellek.vcxproj -> c:\users\tosh\documents\visual studio 2012\Projects\Bellek\Release\Bellek.lib
       FinalizeBuildStatus:
         Deleting file "Release\Bellek.unsuccessfulbuild".
         Touching "Release\Bellek.lastbuildstate".
     1>Done Building Project "c:\Users\tosh\documents\visual studio 2012\Projects\Bellek\Bellek.vcxproj" (Build target(s)).

Build succeeded.

Time Elapsed 00:00:01.97
