Build started 24.07.2013 02:44:45.
     1>Project "C:\Users\tosh\Desktop\CKutuphane\KaynakKodlar\MesajDlg\MesajDlg.vcxproj" on node 2 (Rebuild target(s)).
     1>_PrepareForClean:
         Deleting file "Debug\MesajDlg.lastbuildstate".
       InitializeBuildStatus:
         Creating "Debug\MesajDlg.unsuccessfulbuild" because "AlwaysCreate" was specified.
       ClCompile:
         C:\Program Files (x86)\Microsoft Visual Studio 10.0\VC\bin\CL.exe /c /ZI /nologo /W3 /WX- /Od /Oy- /D "WIN32" /D _DEBUG /D "_LIB" /D _MBCS /D _AFXDLL /Gm /EHsc /RTC1 /MDd /GS /fp:precise /Zc:wchar_t /Zc:forScope /Yc"StdAfx.h" /Fp"Debug\MesajDlg.pch" /Fo"Debug\\" /Fd"Debug\vc100.pdb" /Gd /TP /analyze- /errorReport:prompt stdafx.cpp
         stdafx.cpp
     1>c:\program files (x86)\microsoft visual studio 10.0\vc\include\hazirfonksiyonlar.h(41): warning C4091: 'typedef ' : ignored on left of 'MetinBilgileri' when no variable is declared
         C:\Program Files (x86)\Microsoft Visual Studio 10.0\VC\bin\CL.exe /c /ZI /nologo /W3 /WX- /Od /Oy- /D "WIN32" /D _DEBUG /D "_LIB" /D _MBCS /D _AFXDLL /Gm /EHsc /RTC1 /MDd /GS /fp:precise /Zc:wchar_t /Zc:forScope /Yu"StdAfx.h" /Fp"Debug\MesajDlg.pch" /Fo"Debug\\" /Fd"Debug\vc100.pdb" /Gd /TP /analyze- /errorReport:prompt MesajDlg.cpp
         MesajDlg.cpp
       Lib:
         C:\Program Files (x86)\Microsoft Visual Studio 10.0\VC\bin\Lib.exe /OUT:"C:\Users\tosh\Desktop\CKutuphane\KaynakKodlar\MesajDlg\Debug\MesajDlg.lib" /NOLOGO Debug\MesajDlg.obj
         Debug\stdafx.obj
         MesajDlg.vcxproj -> C:\Users\tosh\Desktop\CKutuphane\KaynakKodlar\MesajDlg\Debug\MesajDlg.lib
       FinalizeBuildStatus:
         Deleting file "Debug\MesajDlg.unsuccessfulbuild".
         Touching "Debug\MesajDlg.lastbuildstate".
     1>Done Building Project "C:\Users\tosh\Desktop\CKutuphane\KaynakKodlar\MesajDlg\MesajDlg.vcxproj" (Rebuild target(s)).

Build succeeded.

Time Elapsed 00:00:08.02
