C:\USERS\TOSH\DOCUMENTS\VISUAL STUDIO 2012\PROJECTS\MESAJDLG\DEBUG\MESAJDLG.PCH
C:\USERS\TOSH\DOCUMENTS\VISUAL STUDIO 2012\PROJECTS\MESAJDLG\DEBUG\STDAFX.OBJ
C:\USERS\TOSH\DOCUMENTS\VISUAL STUDIO 2012\PROJECTS\MESAJDLG\DEBUG\VC100.PDB
C:\USERS\TOSH\DOCUMENTS\VISUAL STUDIO 2012\PROJECTS\MESAJDLG\DEBUG\EKLEDLG.OBJ
C:\USERS\TOSH\DESKTOP\CKUTUPHANE\KAYNAKKODLAR\MESAJDLG\DEBUG\MESAJDLG.PCH
C:\USERS\TOSH\DESKTOP\CKUTUPHANE\KAYNAKKODLAR\MESAJDLG\DEBUG\STDAFX.OBJ
C:\USERS\TOSH\DESKTOP\CKUTUPHANE\KAYNAKKODLAR\MESAJDLG\DEBUG\VC100.PDB
C:\USERS\TOSH\DESKTOP\CKUTUPHANE\KAYNAKKODLAR\MESAJDLG\DEBUG\MESAJDLG.OBJ
C:\USERS\TOSH\DOCUMENTS\VISUAL STUDIO 2012\PROJECTS\MESAJDLG\DEBUG\MESAJDLG.LIB
C:\USERS\TOSH\DESKTOP\CKUTUPHANE\KAYNAKKODLAR\MESAJDLG\DEBUG\MESAJDLG.LIB
C:\Users\tosh\Desktop\CKutuphane\KaynakKodlar\MesajDlg\Debug\EkleDlg.obj
C:\Users\tosh\Desktop\CKutuphane\KaynakKodlar\MesajDlg\Debug\MesajDlg.obj
C:\Users\tosh\Desktop\CKutuphane\KaynakKodlar\MesajDlg\Debug\stdafx.obj
C:\Users\tosh\Desktop\CKutuphane\KaynakKodlar\MesajDlg\Debug\cl.command.1.tlog
C:\Users\tosh\Desktop\CKutuphane\KaynakKodlar\MesajDlg\Debug\CL.read.1.tlog
C:\Users\tosh\Desktop\CKutuphane\KaynakKodlar\MesajDlg\Debug\CL.write.1.tlog
C:\Users\tosh\Desktop\CKutuphane\KaynakKodlar\MesajDlg\Debug\Lib-link.read.1.tlog
C:\Users\tosh\Desktop\CKutuphane\KaynakKodlar\MesajDlg\Debug\Lib-link.write.1.tlog
C:\Users\tosh\Desktop\CKutuphane\KaynakKodlar\MesajDlg\Debug\lib.command.1.tlog
C:\Users\tosh\Desktop\CKutuphane\KaynakKodlar\MesajDlg\Debug\MesajDlg.pch
C:\Users\tosh\Desktop\CKutuphane\KaynakKodlar\MesajDlg\Debug\vc100.idb
C:\Users\tosh\Desktop\CKutuphane\KaynakKodlar\MesajDlg\Debug\vc100.pdb
C:\Users\tosh\Desktop\CKutuphane\KaynakKodlar\MesajDlg\Debug\MesajDlg.lib
